=== Mon Jun 22 01:00:04 CST 2026 | Starting daily AI report ===
DONE
--- AI report finished at Mon Jun 22 01:06:27 CST 2026 ---
=== Mon Jun 22 01:06:27 CST 2026 | Starting daily finance report ===
FINANCE DONE
--- Finance report finished at Mon Jun 22 01:12:19 CST 2026 ---
=== Mon Jun 22 01:12:19 CST 2026 | Generating daily quote ===
QUOTE DONE
--- Daily quote finished at Mon Jun 22 01:12:34 CST 2026 ---
=== Mon Jun 22 01:12:34 CST 2026 | Checking TOEIC questions ===
Generating new TOEIC questions for 2026-06-22...
TOEIC DONE
--- TOEIC generation finished at Mon Jun 22 01:17:15 CST 2026 ---
[main 198a70a] auto: daily report 2026-06-22
 Committer: Mac <mac@MacdeMac-mini.local>
Your name and email address were configured automatically based
on your username and hostname. Please check that they are accurate.
You can suppress this message by setting them explicitly:

    git config --global user.name "Your Name"
    git config --global user.email you@example.com

After doing this, you may fix the identity used for this commit with:

    git commit --amend --reset-author

 1 file changed, 2 insertions(+)
To https://github.com/YichaDaddy/AutoGenAI.git
 ! [rejected]        main -> main (fetch first)
error: failed to push some refs to 'https://github.com/YichaDaddy/AutoGenAI.git'
hint: Updates were rejected because the remote contains work that you do not
hint: have locally. This is usually caused by another repository pushing to
hint: the same ref. If you want to integrate the remote changes, use
hint: 'git pull' before pushing again.
hint: See the 'Note about fast-forwards' in 'git push --help' for details.
To https://github.com/YichaDaddy/AutoGenAI.git
   ef583a6..198a70a  main -> gh-pages
=== Mon Jun 22 01:17:17 CST 2026 | All done ===
