=== Sun Jun 28 01:00:03 CST 2026 | Starting daily AI report ===
Failed to authenticate. API Error: 401 Invalid authentication credentials
--- AI report finished at Sun Jun 28 01:00:08 CST 2026 ---
=== Sun Jun 28 01:00:08 CST 2026 | Starting daily finance report ===
Failed to authenticate. API Error: 401 Invalid authentication credentials
--- Finance report finished at Sun Jun 28 01:00:11 CST 2026 ---
=== Sun Jun 28 01:00:11 CST 2026 | Generating daily quote ===
Failed to authenticate. API Error: 401 Invalid authentication credentials
--- Daily quote finished at Sun Jun 28 01:00:15 CST 2026 ---
=== Sun Jun 28 01:00:15 CST 2026 | Checking TOEIC questions ===
Generating new TOEIC questions for 2026-06-28...
Failed to authenticate. API Error: 401 Invalid authentication credentials
--- TOEIC generation finished at Sun Jun 28 01:00:19 CST 2026 ---
[main 45fe4c8] auto: daily report 2026-06-28
 1 file changed, 13 insertions(+)
 create mode 100644 logs/2026-06-28.log
To https://github.com/YichaDaddy/AutoGenAI.git
 ! [rejected]        main -> main (fetch first)
error: failed to push some refs to 'https://github.com/YichaDaddy/AutoGenAI.git'
hint: Updates were rejected because the remote contains work that you do not
hint: have locally. This is usually caused by another repository pushing to
hint: the same ref. If you want to integrate the remote changes, use
hint: 'git pull' before pushing again.
hint: See the 'Note about fast-forwards' in 'git push --help' for details.
From https://github.com/YichaDaddy/AutoGenAI
 * branch            gh-pages   -> FETCH_HEAD
   ff592fe..9d79296  gh-pages   -> origin/gh-pages
Preparing worktree (detached HEAD 9d79296)
HEAD is now at 9d79296 deploy: sync marathon.json 2026-06-27 05:58 UTC
[detached HEAD d9db225] deploy: daily report 2026-06-28
 1 file changed, 1 insertion(+), 1 deletion(-)
To https://github.com/YichaDaddy/AutoGenAI.git
   9d79296..d9db225  HEAD -> gh-pages
=== Sun Jun 28 01:00:22 CST 2026 | All done ===
