=== Sat Jun 27 01:00:04 CST 2026 | Starting daily AI report ===
Failed to authenticate. API Error: 401 Invalid authentication credentials
--- AI report finished at Sat Jun 27 01:00:09 CST 2026 ---
=== Sat Jun 27 01:00:09 CST 2026 | Starting daily finance report ===
Failed to authenticate. API Error: 401 Invalid authentication credentials
--- Finance report finished at Sat Jun 27 01:00:13 CST 2026 ---
=== Sat Jun 27 01:00:13 CST 2026 | Generating daily quote ===
Failed to authenticate. API Error: 401 Invalid authentication credentials
--- Daily quote finished at Sat Jun 27 01:00:17 CST 2026 ---
=== Sat Jun 27 01:00:17 CST 2026 | Checking TOEIC questions ===
Generating new TOEIC questions for 2026-06-27...
Failed to authenticate. API Error: 401 Invalid authentication credentials
--- TOEIC generation finished at Sat Jun 27 01:00:21 CST 2026 ---
[main c3a7b5e] auto: daily report 2026-06-27
 Committer: Mac <mac@MacdeMac-mini.local>
Your name and email address were configured automatically based
on your username and hostname. Please check that they are accurate.
You can suppress this message by setting them explicitly:

    git config --global user.name "Your Name"
    git config --global user.email you@example.com

After doing this, you may fix the identity used for this commit with:

    git commit --amend --reset-author

 1 file changed, 13 insertions(+)
 create mode 100644 logs/2026-06-27.log
To https://github.com/YichaDaddy/AutoGenAI.git
 ! [rejected]        main -> main (fetch first)
error: failed to push some refs to 'https://github.com/YichaDaddy/AutoGenAI.git'
hint: Updates were rejected because the remote contains work that you do not
hint: have locally. This is usually caused by another repository pushing to
hint: the same ref. If you want to integrate the remote changes, use
hint: 'git pull' before pushing again.
hint: See the 'Note about fast-forwards' in 'git push --help' for details.
To https://github.com/YichaDaddy/AutoGenAI.git
 + 446cce0...c3a7b5e main -> gh-pages (forced update)
=== Sat Jun 27 01:00:28 CST 2026 | All done ===
