=== Fri Jun 19 01:00:04 CST 2026 | Starting daily AI report ===
DONE
--- AI report finished at Fri Jun 19 01:04:54 CST 2026 ---
=== Fri Jun 19 01:04:54 CST 2026 | Starting daily finance report ===
FINANCE DONE
--- Finance report finished at Fri Jun 19 01:09:16 CST 2026 ---
=== Fri Jun 19 01:09:16 CST 2026 | Generating daily quote ===
QUOTE DONE
--- Daily quote finished at Fri Jun 19 01:09:47 CST 2026 ---
=== Fri Jun 19 01:09:47 CST 2026 | Checking TOEIC questions ===
Generating new TOEIC questions for 2026-06-19...
TOEIC DONE
--- TOEIC generation finished at Fri Jun 19 01:15:14 CST 2026 ---
[main 007abee] auto: daily report 2026-06-19
 Committer: Mac <mac@MacdeMac-mini.local>
Your name and email address were configured automatically based
on your username and hostname. Please check that they are accurate.
You can suppress this message by setting them explicitly:

    git config --global user.name "Your Name"
    git config --global user.email you@example.com

After doing this, you may fix the identity used for this commit with:

    git commit --amend --reset-author

 1 file changed, 2 insertions(+)
To https://github.com/YichaDaddy/AutoGenAI.git
 ! [rejected]        main -> main (fetch first)
error: failed to push some refs to 'https://github.com/YichaDaddy/AutoGenAI.git'
hint: Updates were rejected because the remote contains work that you do not
hint: have locally. This is usually caused by another repository pushing to
hint: the same ref. If you want to integrate the remote changes, use
hint: 'git pull' before pushing again.
hint: See the 'Note about fast-forwards' in 'git push --help' for details.
To https://github.com/YichaDaddy/AutoGenAI.git
   95aa779..007abee  main -> gh-pages
=== Fri Jun 19 01:15:17 CST 2026 | All done ===
