=== Thu Jun 25 01:00:02 CST 2026 | Starting daily AI report ===
DONE
--- AI report finished at Thu Jun 25 01:07:47 CST 2026 ---
=== Thu Jun 25 01:07:47 CST 2026 | Starting daily finance report ===
FINANCE DONE

**2026-06-24 財經日報摘要（10則）：**

**市場震撼彈 (4則)**
1. 台股千點崩跌＋外資單日撤1,774億 — AI獲利了結引爆亞洲科技股殺盤
2. Cerebras坦承美國嚴重缺乏可運作資料中心，GPU閒置如廢鐵 — AI硬體泡沫現裂縫
3. 2008年危機獲利900%的投資人重出江湖，啟動新做空策略
4. Wendy's暴漲42%，Reddit鄉民集結軋空，迷因股2.0重演

**投資機會 (3則)**
1. Tesla×Sunrun合作供電AI資料中心，Sunrun飆漲30%+
2. 記憶體超級週期確認：LPDDR Q2漲89%、DRAM漲50%，日月光暗示資本支出再上調
3. Qualcomm砸39億美元收購AI軟體公司Modular，晶片巨頭搶進AI全棧

**總經觀察 (3則)**
1. 黃金跌破4,000美元但中國5月進口163噸，Fed鷹派vs央行囤金拔河戰
2. 伊朗協議崩潰＋油價衝擊，Andrei Jikh警告全球央行貨幣印鈔即將重啟
3. 歐洲熱浪電力危機疊加ECB繼續升息，歐洲衰退風險加速升溫
--- Finance report finished at Thu Jun 25 01:16:21 CST 2026 ---
=== Thu Jun 25 01:16:21 CST 2026 | Generating daily quote ===
QUOTE DONE
--- Daily quote finished at Thu Jun 25 01:16:33 CST 2026 ---
=== Thu Jun 25 01:16:33 CST 2026 | Checking TOEIC questions ===
Generating new TOEIC questions for 2026-06-25...
